<?xml version="1.0" encoding="UTF-8"?>
<testng-results skipped="0" failed="0" ignored="0" total="2" passed="2">
  <reporter-output>
  </reporter-output>
  <suite name="Default suite" duration-ms="78108" started-at="2017-04-20T20:42:07Z" finished-at="2017-04-20T20:43:25Z">
    <groups>
    </groups>
    <test name="Mobile Test" duration-ms="25659" started-at="2017-04-20T20:42:07Z" finished-at="2017-04-20T20:42:33Z">
      <class name="test.AutomationTest">
        <test-method status="PASS" signature="automationScript(java.lang.String)[pri:0, instance:test.AutomationTest@4f063c0a]" name="automationScript" duration-ms="23095" started-at="2017-04-20T16:42:07Z" finished-at="2017-04-20T16:42:30Z">
          <params>
            <param index="0">
              <value>
                <![CDATA[Chrome]]>
              </value>
            </param>
          </params>
          <reporter-output>
          </reporter-output>
        </test-method> <!-- automationScript -->
        <test-method status="PASS" signature="tearDown()[pri:0, instance:test.AutomationTest@4f063c0a]" name="tearDown" is-config="true" duration-ms="2539" started-at="2017-04-20T16:42:30Z" finished-at="2017-04-20T16:42:33Z">
          <reporter-output>
          </reporter-output>
        </test-method> <!-- tearDown -->
      </class> <!-- test.AutomationTest -->
    </test> <!-- Mobile Test -->
    <test name="Browser Test" duration-ms="78108" started-at="2017-04-20T20:42:07Z" finished-at="2017-04-20T20:43:25Z">
      <class name="test.AutomationTest">
        <test-method status="PASS" signature="automationScript(java.lang.String)[pri:0, instance:test.AutomationTest@6ebc05a6]" name="automationScript" duration-ms="56948" started-at="2017-04-20T16:42:07Z" finished-at="2017-04-20T16:43:04Z">
          <params>
            <param index="0">
              <value>
                <![CDATA[OS]]>
              </value>
            </param>
          </params>
          <reporter-output>
          </reporter-output>
        </test-method> <!-- automationScript -->
        <test-method status="PASS" signature="tearDown()[pri:0, instance:test.AutomationTest@6ebc05a6]" name="tearDown" is-config="true" duration-ms="21139" started-at="2017-04-20T16:43:04Z" finished-at="2017-04-20T16:43:25Z">
          <reporter-output>
          </reporter-output>
        </test-method> <!-- tearDown -->
      </class> <!-- test.AutomationTest -->
    </test> <!-- Browser Test -->
  </suite> <!-- Default suite -->
</testng-results>
